2025-11-12 09:31:17.572 INFO  [main] RLBotLogger - RLBot logger initialized at: 2025-11-12T09:31:17.571968
2025-11-12 09:31:20.050 INFO  [AWT-EventQueue-0] RLBotLogger - Initializing RLBot input handler
2025-11-12 09:31:20.051 INFO  [AWT-EventQueue-0] RLBotLogger - Canvas exists but not yet showing - will be available later
2025-11-12 09:31:20.051 INFO  [AWT-EventQueue-0] RLBotLogger - RLBot input handler initialization complete
2025-11-12 09:31:36.581 DEBUG [Client] RLBotLogger - [Context] Inventory: occupied=1, free=27
2025-11-12 09:31:36.584 DEBUG [Client] RLBotLogger - [Context] isInventoryFull changed: freeSlots=27, full=false
2025-11-12 09:31:36.584 DEBUG [Client] RLBotLogger - [Context] isInventoryNearFull changed: freeSlots=27, nearFull=false
2025-11-12 09:31:36.622 INFO  [Client] RLBotLogger - [IPC] Wrote action_space.json with 9 actions, stateDim=5
2025-11-12 09:31:36.624 INFO  [Client] RLBotLogger - [IPC] Read action seq=518 -> action=6 (dir=/Users/danielgleason/Desktop/Code/my_code/runescape_bot_runelite/rlbot-ipc)
2025-11-12 09:31:37.108 DEBUG [Client] RLBotLogger - [IPC] Published obs+done seq=1 lastIdx=6 (CameraRotateRightTask) r=-0.01, done=false
2025-11-12 09:31:37.123 DEBUG [Client] RLBotLogger - [IPC] No action pending
2025-11-12 09:31:37.124 DEBUG [Client] RLBotLogger - [IPC] Published obs+done seq=2 lastIdx=6 (CameraRotateRightTask) r=-0.01, done=false
2025-11-12 09:31:37.584 DEBUG [Client] RLBotLogger - [IPC] No action pending
2025-11-12 09:31:37.585 DEBUG [Client] RLBotLogger - [IPC] Published obs+done seq=3 lastIdx=6 (CameraRotateRightTask) r=-0.01, done=false
2025-11-12 09:31:38.163 DEBUG [Client] RLBotLogger - [IPC] No action pending
2025-11-12 09:31:38.163 DEBUG [Client] RLBotLogger - [IPC] Published obs+done seq=4 lastIdx=6 (CameraRotateRightTask) r=-0.01, done=false
2025-11-12 09:31:39.025 DEBUG [Client] RLBotLogger - [IPC] No action pending
2025-11-12 09:31:39.026 DEBUG [Client] RLBotLogger - [IPC] Published obs+done seq=5 lastIdx=6 (CameraRotateRightTask) r=-0.01, done=false
2025-11-12 09:31:39.401 DEBUG [Client] RLBotLogger - [IPC] No action pending
2025-11-12 09:31:39.402 DEBUG [Client] RLBotLogger - [IPC] Published obs+done seq=6 lastIdx=6 (CameraRotateRightTask) r=-0.01, done=false
2025-11-12 09:31:39.980 DEBUG [Client] RLBotLogger - [IPC] No action pending
2025-11-12 09:31:39.981 DEBUG [Client] RLBotLogger - [IPC] Published obs+done seq=7 lastIdx=6 (CameraRotateRightTask) r=-0.01, done=false
2025-11-12 09:31:40.579 DEBUG [Client] RLBotLogger - [IPC] No action pending
2025-11-12 09:31:40.580 DEBUG [Client] RLBotLogger - [IPC] Published obs+done seq=8 lastIdx=6 (CameraRotateRightTask) r=-0.01, done=false
2025-11-12 09:31:41.174 INFO  [Client] RLBotLogger - [IPC] Read action seq=519 -> action=7 (dir=/Users/danielgleason/Desktop/Code/my_code/runescape_bot_runelite/rlbot-ipc)
2025-11-12 09:31:41.180 INFO  [Client] RLBotLogger - [RLBOT_INPUT] BEGIN dispatchMouseMoveEvent to: 740,428 (transformed: 740,428)
2025-11-12 09:31:41.181 INFO  [Client] RLBotLogger - [RLBOT_INPUT] END dispatchMouseMoveEvent
2025-11-12 09:31:41.182 INFO  [Client] RLBotLogger - [RLBOT_INPUT] BEGIN dispatchMouseMoveEvent to: 740,428 (transformed: 740,428)
2025-11-12 09:31:41.182 INFO  [Client] RLBotLogger - [RLBOT_INPUT] END dispatchMouseMoveEvent
2025-11-12 09:31:41.183 DEBUG [Client] RLBotLogger - [IPC] Published obs+done seq=9 lastIdx=7 (CameraZoomInTask) r=-0.01, done=false
2025-11-12 09:31:41.773 INFO  [Client] RLBotLogger - [IPC] Read action seq=520 -> action=7 (dir=/Users/danielgleason/Desktop/Code/my_code/runescape_bot_runelite/rlbot-ipc)
2025-11-12 09:31:41.773 INFO  [Client] RLBotLogger - [RLBOT_INPUT] BEGIN dispatchMouseMoveEvent to: 740,428 (transformed: 740,428)
2025-11-12 09:31:41.773 INFO  [Client] RLBotLogger - [RLBOT_INPUT] END dispatchMouseMoveEvent
2025-11-12 09:31:41.774 INFO  [Client] RLBotLogger - [RLBOT_INPUT] BEGIN dispatchMouseMoveEvent to: 740,428 (transformed: 740,428)
2025-11-12 09:31:41.774 INFO  [Client] RLBotLogger - [RLBOT_INPUT] END dispatchMouseMoveEvent
2025-11-12 09:31:41.775 DEBUG [Client] RLBotLogger - [IPC] Published obs+done seq=10 lastIdx=7 (CameraZoomInTask) r=-0.01, done=false
2025-11-12 09:31:42.379 DEBUG [Client] RLBotLogger - [IPC] No action pending
2025-11-12 09:31:42.381 DEBUG [Client] RLBotLogger - [IPC] Published obs+done seq=11 lastIdx=7 (CameraZoomInTask) r=-0.01, done=false
2025-11-12 09:31:42.975 INFO  [Client] RLBotLogger - [IPC] Read action seq=521 -> action=8 (dir=/Users/danielgleason/Desktop/Code/my_code/runescape_bot_runelite/rlbot-ipc)
2025-11-12 09:31:42.980 INFO  [Client] RLBotLogger - [RLBOT_INPUT] BEGIN dispatchMouseMoveEvent to: 740,428 (transformed: 740,428)
2025-11-12 09:31:42.982 INFO  [Client] RLBotLogger - [RLBOT_INPUT] END dispatchMouseMoveEvent
2025-11-12 09:31:42.990 INFO  [Client] RLBotLogger - [RLBOT_INPUT] BEGIN dispatchMouseMoveEvent to: 740,428 (transformed: 740,428)
2025-11-12 09:31:42.990 INFO  [Client] RLBotLogger - [RLBOT_INPUT] END dispatchMouseMoveEvent
2025-11-12 09:31:42.992 DEBUG [Client] RLBotLogger - [IPC] Published obs+done seq=12 lastIdx=8 (CameraZoomOutTask) r=-0.01, done=false
2025-11-12 09:31:43.579 INFO  [Client] RLBotLogger - [IPC] Read action seq=522 -> action=5 (dir=/Users/danielgleason/Desktop/Code/my_code/runescape_bot_runelite/rlbot-ipc)
2025-11-12 09:31:44.071 DEBUG [Client] RLBotLogger - [IPC] Published obs+done seq=13 lastIdx=5 (CameraRotateLeftTask) r=-0.01, done=false
2025-11-12 09:31:44.189 DEBUG [Client] RLBotLogger - [IPC] No action pending
2025-11-12 09:31:44.190 DEBUG [Client] RLBotLogger - [IPC] Published obs+done seq=14 lastIdx=5 (CameraRotateLeftTask) r=-0.01, done=false
2025-11-12 09:31:44.831 INFO  [Client] RLBotLogger - [IPC] Read action seq=523 -> action=5 (dir=/Users/danielgleason/Desktop/Code/my_code/runescape_bot_runelite/rlbot-ipc)
2025-11-12 09:31:45.328 DEBUG [Client] RLBotLogger - [IPC] Published obs+done seq=15 lastIdx=5 (CameraRotateLeftTask) r=-0.01, done=false
2025-11-12 09:31:45.406 DEBUG [Client] RLBotLogger - [IPC] No action pending
2025-11-12 09:31:45.406 DEBUG [Client] RLBotLogger - [IPC] Published obs+done seq=16 lastIdx=5 (CameraRotateLeftTask) r=-0.01, done=false
2025-11-12 09:31:45.993 INFO  [Client] RLBotLogger - [IPC] Read action seq=526 -> action=5 (dir=/Users/danielgleason/Desktop/Code/my_code/runescape_bot_runelite/rlbot-ipc)
2025-11-12 09:31:46.489 DEBUG [Client] RLBotLogger - [IPC] Published obs+done seq=17 lastIdx=5 (CameraRotateLeftTask) r=-0.01, done=false
2025-11-12 09:31:46.570 INFO  [Client] RLBotLogger - [IPC] Read action seq=527 -> action=5 (dir=/Users/danielgleason/Desktop/Code/my_code/runescape_bot_runelite/rlbot-ipc)
2025-11-12 09:31:47.055 DEBUG [Client] RLBotLogger - [IPC] Published obs+done seq=18 lastIdx=5 (CameraRotateLeftTask) r=-0.01, done=false
2025-11-12 09:31:47.180 INFO  [Client] RLBotLogger - [IPC] Read action seq=529 -> action=6 (dir=/Users/danielgleason/Desktop/Code/my_code/runescape_bot_runelite/rlbot-ipc)
2025-11-12 09:31:47.664 DEBUG [Client] RLBotLogger - [IPC] Published obs+done seq=19 lastIdx=6 (CameraRotateRightTask) r=-0.01, done=false
2025-11-12 09:31:47.780 INFO  [Client] RLBotLogger - [IPC] Read action seq=531 -> action=6 (dir=/Users/danielgleason/Desktop/Code/my_code/runescape_bot_runelite/rlbot-ipc)
2025-11-12 09:31:48.262 DEBUG [Client] RLBotLogger - [IPC] Published obs+done seq=20 lastIdx=6 (CameraRotateRightTask) r=-0.01, done=false
2025-11-12 09:31:48.387 DEBUG [Client] RLBotLogger - [IPC] No action pending
2025-11-12 09:31:48.388 DEBUG [Client] RLBotLogger - [IPC] Published obs+done seq=21 lastIdx=6 (CameraRotateRightTask) r=-0.01, done=false
2025-11-12 09:31:48.986 DEBUG [Client] RLBotLogger - [IPC] No action pending
2025-11-12 09:31:48.988 DEBUG [Client] RLBotLogger - [IPC] Published obs+done seq=22 lastIdx=6 (CameraRotateRightTask) r=-0.01, done=false
2025-11-12 09:31:49.573 DEBUG [Client] RLBotLogger - [IPC] No action pending
2025-11-12 09:31:49.574 DEBUG [Client] RLBotLogger - [IPC] Published obs+done seq=23 lastIdx=6 (CameraRotateRightTask) r=-0.01, done=false
2025-11-12 09:42:41.393 INFO  [main] RLBotLogger - RLBot logger initialized at: 2025-11-12T09:42:41.392679
2025-11-12 09:42:43.112 INFO  [AWT-EventQueue-0] RLBotLogger - Initializing RLBot input handler
2025-11-12 09:42:43.112 INFO  [AWT-EventQueue-0] RLBotLogger - Canvas exists but not yet showing - will be available later
2025-11-12 09:42:43.112 INFO  [AWT-EventQueue-0] RLBotLogger - RLBot input handler initialization complete
2025-11-12 09:42:54.688 DEBUG [Client] RLBotLogger - [Context] Inventory: occupied=1, free=27
2025-11-12 09:42:54.689 DEBUG [Client] RLBotLogger - [Context] isInventoryFull changed: freeSlots=27, full=false
2025-11-12 09:42:54.689 DEBUG [Client] RLBotLogger - [Context] isInventoryNearFull changed: freeSlots=27, nearFull=false
2025-11-12 09:42:54.709 INFO  [Client] RLBotLogger - [IPC] Wrote action_space.json with 9 actions, stateDim=5
2025-11-12 09:42:54.711 INFO  [Client] RLBotLogger - [IPC] Read action seq=531 -> action=6 (dir=/Users/danielgleason/Desktop/Code/my_code/runescape_bot_runelite/rlbot-ipc)
2025-11-12 09:42:54.715 DEBUG [Client] RLBotLogger - [IPC] Published obs+done seq=1 lastIdx=6 (CameraRotateRightTask) r=-0.01, done=false
2025-11-12 09:42:55.069 DEBUG [Client] RLBotLogger - [IPC] No action pending
2025-11-12 09:42:55.072 DEBUG [Client] RLBotLogger - [IPC] Published obs+done seq=2 lastIdx=6 (CameraRotateRightTask) r=-0.01, done=false
2025-11-12 09:42:55.666 DEBUG [Client] RLBotLogger - [IPC] No action pending
2025-11-12 09:42:55.667 DEBUG [Client] RLBotLogger - [IPC] Published obs+done seq=3 lastIdx=6 (CameraRotateRightTask) r=-0.01, done=false
2025-11-12 09:42:56.269 DEBUG [Client] RLBotLogger - [IPC] No action pending
2025-11-12 09:42:56.269 DEBUG [Client] RLBotLogger - [IPC] Published obs+done seq=4 lastIdx=6 (CameraRotateRightTask) r=-0.01, done=false
2025-11-12 09:42:56.867 DEBUG [Client] RLBotLogger - [IPC] No action pending
2025-11-12 09:42:56.867 DEBUG [Client] RLBotLogger - [IPC] Published obs+done seq=5 lastIdx=6 (CameraRotateRightTask) r=-0.01, done=false
2025-11-12 09:42:57.658 DEBUG [Client] RLBotLogger - [IPC] No action pending
2025-11-12 09:42:57.660 DEBUG [Client] RLBotLogger - [IPC] Published obs+done seq=6 lastIdx=6 (CameraRotateRightTask) r=-0.01, done=false
2025-11-12 09:42:58.072 DEBUG [Client] RLBotLogger - [IPC] No action pending
2025-11-12 09:42:58.072 DEBUG [Client] RLBotLogger - [IPC] Published obs+done seq=7 lastIdx=6 (CameraRotateRightTask) r=-0.01, done=false
2025-11-12 09:42:58.685 DEBUG [Client] RLBotLogger - [IPC] No action pending
2025-11-12 09:42:58.686 DEBUG [Client] RLBotLogger - [IPC] Published obs+done seq=8 lastIdx=6 (CameraRotateRightTask) r=-0.01, done=false
2025-11-12 09:42:59.263 DEBUG [Client] RLBotLogger - [IPC] No action pending
2025-11-12 09:42:59.264 DEBUG [Client] RLBotLogger - [IPC] Published obs+done seq=9 lastIdx=6 (CameraRotateRightTask) r=-0.01, done=false
2025-11-12 09:42:59.871 INFO  [Client] RLBotLogger - [IPC] Read action seq=532 -> action=6 (dir=/Users/danielgleason/Desktop/Code/my_code/runescape_bot_runelite/rlbot-ipc)
2025-11-12 09:42:59.873 DEBUG [Client] RLBotLogger - [IPC] Published obs+done seq=10 lastIdx=6 (CameraRotateRightTask) r=-0.01, done=false
2025-11-12 09:43:00.464 INFO  [Client] RLBotLogger - [IPC] Read action seq=533 -> action=6 (dir=/Users/danielgleason/Desktop/Code/my_code/runescape_bot_runelite/rlbot-ipc)
2025-11-12 09:43:00.466 DEBUG [Client] RLBotLogger - [IPC] Published obs+done seq=11 lastIdx=6 (CameraRotateRightTask) r=-0.01, done=false
2025-11-12 09:43:01.065 DEBUG [Client] RLBotLogger - [IPC] No action pending
2025-11-12 09:43:01.065 DEBUG [Client] RLBotLogger - [IPC] Published obs+done seq=12 lastIdx=6 (CameraRotateRightTask) r=-0.01, done=false
2025-11-12 09:43:01.665 INFO  [Client] RLBotLogger - [IPC] Read action seq=534 -> action=7 (dir=/Users/danielgleason/Desktop/Code/my_code/runescape_bot_runelite/rlbot-ipc)
2025-11-12 09:43:01.667 INFO  [Client] RLBotLogger - [RLBOT_INPUT] BEGIN dispatchMouseMoveEvent to: 740,428 (transformed: 740,428)
2025-11-12 09:43:01.667 INFO  [Client] RLBotLogger - [RLBOT_INPUT] END dispatchMouseMoveEvent
2025-11-12 09:43:01.668 INFO  [Client] RLBotLogger - [RLBOT_INPUT] BEGIN dispatchMouseMoveEvent to: 740,428 (transformed: 740,428)
2025-11-12 09:43:01.668 INFO  [Client] RLBotLogger - [RLBOT_INPUT] END dispatchMouseMoveEvent
2025-11-12 09:43:01.669 DEBUG [Client] RLBotLogger - [IPC] Published obs+done seq=13 lastIdx=7 (CameraZoomInTask) r=-0.01, done=false
2025-11-12 09:43:02.266 DEBUG [Client] RLBotLogger - [IPC] No action pending
2025-11-12 09:43:02.266 DEBUG [Client] RLBotLogger - [IPC] Published obs+done seq=14 lastIdx=7 (CameraZoomInTask) r=-0.01, done=false
2025-11-12 09:43:02.866 INFO  [Client] RLBotLogger - [IPC] Read action seq=535 -> action=5 (dir=/Users/danielgleason/Desktop/Code/my_code/runescape_bot_runelite/rlbot-ipc)
2025-11-12 09:43:02.867 DEBUG [Client] RLBotLogger - [IPC] Published obs+done seq=15 lastIdx=5 (CameraRotateLeftTask) r=-0.01, done=false
2025-11-12 09:43:03.484 INFO  [Client] RLBotLogger - [IPC] Read action seq=536 -> action=5 (dir=/Users/danielgleason/Desktop/Code/my_code/runescape_bot_runelite/rlbot-ipc)
2025-11-12 09:43:03.485 DEBUG [Client] RLBotLogger - [IPC] Published obs+done seq=16 lastIdx=5 (CameraRotateLeftTask) r=-0.01, done=false
2025-11-12 09:43:04.070 DEBUG [Client] RLBotLogger - [IPC] No action pending
2025-11-12 09:43:04.074 DEBUG [Client] RLBotLogger - [IPC] Published obs+done seq=17 lastIdx=5 (CameraRotateLeftTask) r=-0.01, done=false
2025-11-12 09:43:04.666 DEBUG [Client] RLBotLogger - [IPC] No action pending
2025-11-12 09:43:04.666 DEBUG [Client] RLBotLogger - [IPC] Published obs+done seq=18 lastIdx=5 (CameraRotateLeftTask) r=-0.01, done=false
2025-11-12 09:43:05.295 DEBUG [Client] RLBotLogger - [IPC] No action pending
2025-11-12 09:43:05.296 DEBUG [Client] RLBotLogger - [IPC] Published obs+done seq=19 lastIdx=5 (CameraRotateLeftTask) r=-0.01, done=false
2025-11-12 09:43:05.842 DEBUG [Client] RLBotLogger - [IPC] No action pending
2025-11-12 09:43:05.844 DEBUG [Client] RLBotLogger - [IPC] Published obs+done seq=20 lastIdx=5 (CameraRotateLeftTask) r=-0.01, done=false
